<?xml version="1.0" encoding="UTF-8"?>
<testng-results skipped="0" failed="0" ignored="0" total="2" passed="2">
  <reporter-output>
  </reporter-output>
  <suite name="All Test Suite" duration-ms="8946" started-at="2021-08-21T00:13:59Z" finished-at="2021-08-21T00:14:08Z">
    <groups>
    </groups>
    <test name="C:/FrameworkJava/src/test/java/tests/testCase_PF.java" duration-ms="8946" started-at="2021-08-21T00:13:59Z" finished-at="2021-08-21T00:14:08Z">
      <class name="tests.testCase_PF">
        <test-method status="PASS" signature="setUp()[pri:0, instance:tests.testCase_PF@1209079]" name="setUp" is-config="true" duration-ms="10733" started-at="2021-08-21T00:13:48Z" finished-at="2021-08-21T00:13:59Z">
          <reporter-output>
          </reporter-output>
        </test-method> <!-- setUp -->
        <test-method status="PASS" signature="test1()[pri:0, instance:tests.testCase_PF@1209079]" name="test1" duration-ms="3651" started-at="2021-08-21T00:13:59Z" finished-at="2021-08-21T00:14:02Z">
          <reporter-output>
          </reporter-output>
        </test-method> <!-- test1 -->
        <test-method status="PASS" signature="test2()[pri:0, instance:tests.testCase_PF@1209079]" name="test2" duration-ms="5250" started-at="2021-08-21T00:14:02Z" finished-at="2021-08-21T00:14:08Z">
          <reporter-output>
          </reporter-output>
        </test-method> <!-- test2 -->
        <test-method status="PASS" signature="tearDown()[pri:0, instance:tests.testCase_PF@1209079]" name="tearDown" is-config="true" duration-ms="399" started-at="2021-08-21T00:14:08Z" finished-at="2021-08-21T00:14:08Z">
          <reporter-output>
          </reporter-output>
        </test-method> <!-- tearDown -->
      </class> <!-- tests.testCase_PF -->
    </test> <!-- C:/FrameworkJava/src/test/java/tests/testCase_PF.java -->
  </suite> <!-- All Test Suite -->
</testng-results>
